2023-04-02 21:31:12.037531 - Initialized conversion of CBT093
2023-04-02 21:31:13.064315 - Received CBT.V504.FILE093.PDS from FILE093.XMI 
2023-04-02 21:31:13.067353 - Found $$$$$ADD.txt (text/plain) in CBT.V504.FILE093.PDS, moved to PDS/$$$$$ADD
2023-04-02 21:31:13.068465 - Found $$$#DATE.txt (text/plain) in CBT.V504.FILE093.PDS, moved to PDS/$$$#DATE
2023-04-02 21:31:13.069752 - Found $$NOTE01.txt (text/plain) in CBT.V504.FILE093.PDS, moved to PDS/$$NOTE01
2023-04-02 21:31:13.070960 - Found $$NOTE02.txt (text/plain) in CBT.V504.FILE093.PDS, moved to PDS/$$NOTE02
2023-04-02 21:31:13.072081 - Found $$NOTE03.txt (text/plain) in CBT.V504.FILE093.PDS, moved to PDS/$$NOTE03
2023-04-02 21:31:13.073170 - Found $$NOTE04.txt (text/plain) in CBT.V504.FILE093.PDS, moved to PDS/$$NOTE04
2023-04-02 21:31:13.074122 - Found $$NOTE05.txt (text/plain) in CBT.V504.FILE093.PDS, moved to PDS/$$NOTE05
2023-04-02 21:31:13.075133 - Found $$NOTE06.txt (text/plain) in CBT.V504.FILE093.PDS, moved to PDS/$$NOTE06
2023-04-02 21:31:13.076192 - Found $$NOTE07.txt (text/plain) in CBT.V504.FILE093.PDS, moved to PDS/$$NOTE07
2023-04-02 21:31:13.077286 - Found $$NOTE08.txt (text/plain) in CBT.V504.FILE093.PDS, moved to PDS/$$NOTE08
2023-04-02 21:31:13.078227 - Found $$NOTE09.txt (text/plain) in CBT.V504.FILE093.PDS, moved to PDS/$$NOTE09
2023-04-02 21:31:13.079409 - Found $$NOTE10.txt (text/plain) in CBT.V504.FILE093.PDS, moved to PDS/$$NOTE10
2023-04-02 21:31:13.080425 - Found $$NOTE11.txt (text/plain) in CBT.V504.FILE093.PDS, moved to PDS/$$NOTE11
2023-04-02 21:31:13.081418 - Found $$NOTE12.txt (text/plain) in CBT.V504.FILE093.PDS, moved to PDS/$$NOTE12
2023-04-02 21:31:13.082342 - Found $$NOTE13.txt (text/plain) in CBT.V504.FILE093.PDS, moved to PDS/$$NOTE13
2023-04-02 21:31:13.083364 - Found $$NOTE14.txt (text/plain) in CBT.V504.FILE093.PDS, moved to PDS/$$NOTE14
2023-04-02 21:31:13.084310 - Found $EPILOG.txt (text/plain) in CBT.V504.FILE093.PDS, moved to PDS/$EPILOG
2023-04-02 21:31:13.085219 - Found $JCLOFFL.jcl (text/plain) in CBT.V504.FILE093.PDS, moved to PDS/$JCLOFFL
2023-04-02 21:31:13.086154 - Found $JCLPDSL.jcl (text/plain) in CBT.V504.FILE093.PDS, moved to PDS/$JCLPDSL
2023-04-02 21:31:13.087131 - Found $OFFLINS.jcl (text/plain) in CBT.V504.FILE093.PDS, moved to PDS/$OFFLINS
2023-04-02 21:31:13.088225 - Found $PDSLINS.jcl (text/plain) in CBT.V504.FILE093.PDS, moved to PDS/$PDSLINS
2023-04-02 21:31:13.089294 - Found $PROLOG.txt (text/plain) in CBT.V504.FILE093.PDS, moved to PDS/$PROLOG
2023-04-02 21:31:13.090227 - Found $REGS.txt (text/plain) in CBT.V504.FILE093.PDS, moved to PDS/$REGS
2023-04-02 21:31:13.090238 - Found #DCBD.bin containing application/octet-stream, moved to PDS/#DCBD
2023-04-02 21:31:13.092254 - Found #DSORG.txt (text/plain) in CBT.V504.FILE093.PDS, moved to PDS/#DSORG
2023-04-02 21:31:13.093257 - Found #ENTER.txt (text/plain) in CBT.V504.FILE093.PDS, moved to PDS/#ENTER
2023-04-02 21:31:13.094197 - Found #EXIT.txt (text/plain) in CBT.V504.FILE093.PDS, moved to PDS/#EXIT
2023-04-02 21:31:13.095134 - Found #PUT.txt (text/plain) in CBT.V504.FILE093.PDS, moved to PDS/#PUT
2023-04-02 21:31:13.096201 - Found #REGS.txt (text/plain) in CBT.V504.FILE093.PDS, moved to PDS/#REGS
2023-04-02 21:31:13.096211 - Found #TEST.bin containing application/octet-stream, moved to PDS/#TEST
2023-04-02 21:31:13.098064 - Found #USING.txt (text/plain) in CBT.V504.FILE093.PDS, moved to PDS/#USING
2023-04-02 21:31:13.099042 - Found @FILE093.txt (text/plain) in CBT.V504.FILE093.PDS, moved to PDS/@FILE093
2023-04-02 21:31:13.100084 - Found ASMVCL.txt (text/plain) in CBT.V504.FILE093.PDS, moved to PDS/ASMVCL
2023-04-02 21:31:13.101105 - Found CAPS.txt (text/plain) in CBT.V504.FILE093.PDS, moved to PDS/CAPS
2023-04-02 21:31:13.102156 - Found COMMENT.txt (text/plain) in CBT.V504.FILE093.PDS, moved to PDS/COMMENT
2023-04-02 21:31:13.103095 - Found CONVERT.txt (text/plain) in CBT.V504.FILE093.PDS, moved to PDS/CONVERT
2023-04-02 21:31:13.104185 - Found CPDATA.txt (text/plain) in CBT.V504.FILE093.PDS, moved to PDS/CPDATA
2023-04-02 21:31:13.105236 - Found CPEND.txt (text/plain) in CBT.V504.FILE093.PDS, moved to PDS/CPEND
2023-04-02 21:31:13.106140 - Found CPENTRY.txt (text/plain) in CBT.V504.FILE093.PDS, moved to PDS/CPENTRY
2023-04-02 21:31:13.107020 - Found CPEXIT.txt (text/plain) in CBT.V504.FILE093.PDS, moved to PDS/CPEXIT
2023-04-02 21:31:13.108145 - Found CPINIT.txt (text/plain) in CBT.V504.FILE093.PDS, moved to PDS/CPINIT
2023-04-02 21:31:13.109143 - Found CVDT.txt (text/plain) in CBT.V504.FILE093.PDS, moved to PDS/CVDT
2023-04-02 21:31:13.110206 - Found CVRT.txt (text/plain) in CBT.V504.FILE093.PDS, moved to PDS/CVRT
2023-04-02 21:31:13.111170 - Found DA08BLD.txt (text/plain) in CBT.V504.FILE093.PDS, moved to PDS/DA08BLD
2023-04-02 21:31:13.112259 - Found DCS.txt (text/plain) in CBT.V504.FILE093.PDS, moved to PDS/DCS
2023-04-02 21:31:13.113372 - Found EQUENT.txt (text/plain) in CBT.V504.FILE093.PDS, moved to PDS/EQUENT
2023-04-02 21:31:13.114353 - Found EQUEXT.txt (text/plain) in CBT.V504.FILE093.PDS, moved to PDS/EQUEXT
2023-04-02 21:31:13.115397 - Found EQUREG.txt (text/plain) in CBT.V504.FILE093.PDS, moved to PDS/EQUREG
2023-04-02 21:31:13.116374 - Found EQUREGS.txt (text/plain) in CBT.V504.FILE093.PDS, moved to PDS/EQUREGS
2023-04-02 21:31:13.117446 - Found GNRLFAIL.txt (text/plain) in CBT.V504.FILE093.PDS, moved to PDS/GNRLFAIL
2023-04-02 21:31:13.118396 - Found JVDENTER.txt (text/plain) in CBT.V504.FILE093.PDS, moved to PDS/JVDENTER
2023-04-02 21:31:13.119395 - Found JVDEQU.txt (text/plain) in CBT.V504.FILE093.PDS, moved to PDS/JVDEQU
2023-04-02 21:31:13.120531 - Found JVDLEAVE.txt (text/plain) in CBT.V504.FILE093.PDS, moved to PDS/JVDLEAVE
2023-04-02 21:31:13.121536 - Found LINKBACK.txt (text/plain) in CBT.V504.FILE093.PDS, moved to PDS/LINKBACK
2023-04-02 21:31:13.123020 - Found LISTPDS.txt (text/plain) in CBT.V504.FILE093.PDS, moved to PDS/LISTPDS
2023-04-02 21:31:13.124102 - Found LISTPDS$.jcl (text/plain) in CBT.V504.FILE093.PDS, moved to PDS/LISTPDS$
2023-04-02 21:31:13.125593 - Found LISTPDS1.txt (text/plain) in CBT.V504.FILE093.PDS, moved to PDS/LISTPDS1
2023-04-02 21:31:13.127108 - Found LISTPDS2.txt (text/plain) in CBT.V504.FILE093.PDS, moved to PDS/LISTPDS2
2023-04-02 21:31:13.128196 - Found LISTPDS3.txt (text/plain) in CBT.V504.FILE093.PDS, moved to PDS/LISTPDS3
2023-04-02 21:31:13.129541 - Found LISTPDS4.txt (text/plain) in CBT.V504.FILE093.PDS, moved to PDS/LISTPDS4
2023-04-02 21:31:13.130550 - Found LOADIT.txt (text/plain) in CBT.V504.FILE093.PDS, moved to PDS/LOADIT
2023-04-02 21:31:13.131621 - Found MSG.txt (text/plain) in CBT.V504.FILE093.PDS, moved to PDS/MSG
2023-04-02 21:31:13.132579 - Found NEWCSECT.txt (text/plain) in CBT.V504.FILE093.PDS, moved to PDS/NEWCSECT
2023-04-02 21:31:13.133497 - Found OFFLOAD$.jcl (text/plain) in CBT.V504.FILE093.PDS, moved to PDS/OFFLOAD$
2023-04-02 21:31:13.134496 - Found OFFLOADW.txt (text/plain) in CBT.V504.FILE093.PDS, moved to PDS/OFFLOADW
2023-04-02 21:31:13.134508 - Found OFFLOA01.bin containing application/octet-stream, moved to PDS/OFFLOA01
2023-04-02 21:31:13.135731 - Found OFFLOA02.bin containing application/octet-stream, moved to PDS/OFFLOA02
2023-04-02 21:31:13.136971 - Found OFFLOA03.bin containing application/octet-stream, moved to PDS/OFFLOA03
2023-04-02 21:31:13.138133 - Found OFFLOOLD.bin containing application/octet-stream, moved to PDS/OFFLOOLD
2023-04-02 21:31:13.139196 - Found OFFLOOLE.bin containing application/octet-stream, moved to PDS/OFFLOOLE
2023-04-02 21:31:13.141504 - Found PDSLOAD$.jcl (text/plain) in CBT.V504.FILE093.PDS, moved to PDS/PDSLOAD$
2023-04-02 21:31:13.142804 - Found PDSLOADW.txt (text/plain) in CBT.V504.FILE093.PDS, moved to PDS/PDSLOADW
2023-04-02 21:31:13.143886 - Found PDSLOAD1.txt (text/plain) in CBT.V504.FILE093.PDS, moved to PDS/PDSLOAD1
2023-04-02 21:31:13.144908 - Found PDSLOAD2.txt (text/plain) in CBT.V504.FILE093.PDS, moved to PDS/PDSLOAD2
2023-04-02 21:31:13.146247 - Found PDSLOAD3.txt (text/plain) in CBT.V504.FILE093.PDS, moved to PDS/PDSLOAD3
2023-04-02 21:31:13.147527 - Found PDSLOAD4.txt (text/plain) in CBT.V504.FILE093.PDS, moved to PDS/PDSLOAD4
2023-04-02 21:31:13.148656 - Found PDSLOAD5.txt (text/plain) in CBT.V504.FILE093.PDS, moved to PDS/PDSLOAD5
2023-04-02 21:31:13.150023 - Found PDSLOAD6.txt (text/plain) in CBT.V504.FILE093.PDS, moved to PDS/PDSLOAD6
2023-04-02 21:31:13.151326 - Found PDSLOAD7.txt (text/plain) in CBT.V504.FILE093.PDS, moved to PDS/PDSLOAD7
2023-04-02 21:31:13.152438 - Found PDSLOAD8.txt (text/plain) in CBT.V504.FILE093.PDS, moved to PDS/PDSLOAD8
2023-04-02 21:31:13.153697 - Found PDSLOAD9.txt (text/plain) in CBT.V504.FILE093.PDS, moved to PDS/PDSLOAD9
2023-04-02 21:31:13.155110 - Found PDSLOA10.txt (text/plain) in CBT.V504.FILE093.PDS, moved to PDS/PDSLOA10
2023-04-02 21:31:13.156089 - Found PDSLOOLD.txt (text/plain) in CBT.V504.FILE093.PDS, moved to PDS/PDSLOOLD
2023-04-02 21:31:13.157119 - Found REGEQU.txt (text/plain) in CBT.V504.FILE093.PDS, moved to PDS/REGEQU
2023-04-02 21:31:13.158359 - Found REGS.txt (text/plain) in CBT.V504.FILE093.PDS, moved to PDS/REGS
2023-04-02 21:31:13.159482 - Found STAE$.txt (text/plain) in CBT.V504.FILE093.PDS, moved to PDS/STAE$
2023-04-02 21:31:13.160459 - Found TESTOPEN.txt (text/plain) in CBT.V504.FILE093.PDS, moved to PDS/TESTOPEN
2023-04-02 21:31:13.161533 - Found TMPMAC.txt (text/plain) in CBT.V504.FILE093.PDS, moved to PDS/TMPMAC
2023-04-02 21:31:13.162668 - Found UNUPDTE.txt (text/plain) in CBT.V504.FILE093.PDS, moved to PDS/UNUPDTE
2023-04-02 21:31:13.163606 - Found UNUPDTE$.jcl (text/plain) in CBT.V504.FILE093.PDS, moved to PDS/UNUPDTE$
2023-04-02 21:31:13.164630 - Found UNUPDTEO.txt (text/plain) in CBT.V504.FILE093.PDS, moved to PDS/UNUPDTEO
2023-04-02 21:31:13.165826 - Found UPDTE.txt (text/plain) in CBT.V504.FILE093.PDS, moved to PDS/UPDTE
2023-04-02 21:31:13.166855 - Found UPDTE$.jcl (text/plain) in CBT.V504.FILE093.PDS, moved to PDS/UPDTE$
